
2021-03-19 10:04:37,321
type(res):<class 'numpy.ndarray'>

2021-03-19 10:04:37,322
euc:[[0.         2.23606798 4.47213595]
 [2.23606798 0.         6.08276253]]
first_indices on completion:[0 1]

2021-03-19 10:04:37,323
first_indices: [0 1]
min_indices: [-1 -1  0]
centroids: [[44. 56.]
 [43. 58.]]

2021-03-19 10:04:37,323
type(res):<class 'numpy.ndarray'>

2021-03-19 10:04:37,324
euc:[[2.23606798 4.         2.23606798]
 [2.23606798 0.         6.08276253]]
first_indices on completion:[0 1]

2021-03-19 10:04:37,325
first_indices: [0 1]
min_indices: [-1 -1  1]
centroids: [[43. 54.]
 [43. 58.]]

2021-03-19 10:04:37,325
type(res):<class 'numpy.ndarray'>

2021-03-19 10:04:37,326
arr entries: (array([0, 1]),)
